[xorm] [info]  2021/01/05 18:28:02.314938 PING DATABASE mysql
[xorm] [info]  2021/01/05 18:28:02.341939 [SQL] SELECT `TABLE_NAME`, `ENGINE`, `TABLE_ROWS`, `AUTO_INCREMENT`, `TABLE_COMMENT` from `INFORMATION_SCHEMA`.`TABLES` WHERE `TABLE_SCHEMA`=? AND (`ENGINE`='MyISAM' OR `ENGINE` = 'InnoDB' OR `ENGINE` = 'TokuDB') [diy]
[xorm] [info]  2021/01/05 18:28:02.343939 [SQL] SELECT `COLUMN_NAME`, `IS_NULLABLE`, `COLUMN_DEFAULT`, `COLUMN_TYPE`, `COLUMN_KEY`, `EXTRA`,`COLUMN_COMMENT` FROM `INFORMATION_SCHEMA`.`COLUMNS` WHERE `TABLE_SCHEMA` = ? AND `TABLE_NAME` = ? [diy users]
[xorm] [info]  2021/01/05 18:28:02.349940 [SQL] SELECT `INDEX_NAME`, `NON_UNIQUE`, `COLUMN_NAME` FROM `INFORMATION_SCHEMA`.`STATISTICS` WHERE `TABLE_SCHEMA` = ? AND `TABLE_NAME` = ? [diy users]
[xorm] [info]  2021/01/05 18:28:02.350940 [SQL] SELECT `COLUMN_NAME`, `IS_NULLABLE`, `COLUMN_DEFAULT`, `COLUMN_TYPE`, `COLUMN_KEY`, `EXTRA`,`COLUMN_COMMENT` FROM `INFORMATION_SCHEMA`.`COLUMNS` WHERE `TABLE_SCHEMA` = ? AND `TABLE_NAME` = ? [diy admin]
[xorm] [info]  2021/01/05 18:28:02.357940 [SQL] SELECT `INDEX_NAME`, `NON_UNIQUE`, `COLUMN_NAME` FROM `INFORMATION_SCHEMA`.`STATISTICS` WHERE `TABLE_SCHEMA` = ? AND `TABLE_NAME` = ? [diy admin]
[xorm] [info]  2021/01/05 18:28:02.357940 [SQL] SELECT `COLUMN_NAME`, `IS_NULLABLE`, `COLUMN_DEFAULT`, `COLUMN_TYPE`, `COLUMN_KEY`, `EXTRA`,`COLUMN_COMMENT` FROM `INFORMATION_SCHEMA`.`COLUMNS` WHERE `TABLE_SCHEMA` = ? AND `TABLE_NAME` = ? [diy orders]
[xorm] [info]  2021/01/05 18:28:02.364941 [SQL] SELECT `INDEX_NAME`, `NON_UNIQUE`, `COLUMN_NAME` FROM `INFORMATION_SCHEMA`.`STATISTICS` WHERE `TABLE_SCHEMA` = ? AND `TABLE_NAME` = ? [diy orders]
[xorm] [warn]  2021/01/05 18:28:02.365941 Table orders Column total db default is 0.00, struct default is 0
[xorm] [info]  2021/01/05 18:28:02.365941 [SQL] SELECT `COLUMN_NAME`, `IS_NULLABLE`, `COLUMN_DEFAULT`, `COLUMN_TYPE`, `COLUMN_KEY`, `EXTRA`,`COLUMN_COMMENT` FROM `INFORMATION_SCHEMA`.`COLUMNS` WHERE `TABLE_SCHEMA` = ? AND `TABLE_NAME` = ? [diy goods]
[xorm] [info]  2021/01/05 18:28:02.371941 [SQL] SELECT `INDEX_NAME`, `NON_UNIQUE`, `COLUMN_NAME` FROM `INFORMATION_SCHEMA`.`STATISTICS` WHERE `TABLE_SCHEMA` = ? AND `TABLE_NAME` = ? [diy goods]
[xorm] [warn]  2021/01/05 18:28:02.372941 Table goods Column price db default is 0.00, struct default is 0
[xorm] [info]  2021/01/05 18:28:02.372941 [SQL] SELECT `COLUMN_NAME`, `IS_NULLABLE`, `COLUMN_DEFAULT`, `COLUMN_TYPE`, `COLUMN_KEY`, `EXTRA`,`COLUMN_COMMENT` FROM `INFORMATION_SCHEMA`.`COLUMNS` WHERE `TABLE_SCHEMA` = ? AND `TABLE_NAME` = ? [diy goods_img]
[xorm] [info]  2021/01/05 18:28:02.379942 [SQL] SELECT `INDEX_NAME`, `NON_UNIQUE`, `COLUMN_NAME` FROM `INFORMATION_SCHEMA`.`STATISTICS` WHERE `TABLE_SCHEMA` = ? AND `TABLE_NAME` = ? [diy goods_img]
[xorm] [info]  2021/01/05 18:28:02.380942 [SQL] SELECT `COLUMN_NAME`, `IS_NULLABLE`, `COLUMN_DEFAULT`, `COLUMN_TYPE`, `COLUMN_KEY`, `EXTRA`,`COLUMN_COMMENT` FROM `INFORMATION_SCHEMA`.`COLUMNS` WHERE `TABLE_SCHEMA` = ? AND `TABLE_NAME` = ? [diy picture]
[xorm] [info]  2021/01/05 18:28:02.387942 [SQL] SELECT `INDEX_NAME`, `NON_UNIQUE`, `COLUMN_NAME` FROM `INFORMATION_SCHEMA`.`STATISTICS` WHERE `TABLE_SCHEMA` = ? AND `TABLE_NAME` = ? [diy picture]
[xorm] [info]  2021/01/05 18:28:02.388942 [SQL] SELECT `COLUMN_NAME`, `IS_NULLABLE`, `COLUMN_DEFAULT`, `COLUMN_TYPE`, `COLUMN_KEY`, `EXTRA`,`COLUMN_COMMENT` FROM `INFORMATION_SCHEMA`.`COLUMNS` WHERE `TABLE_SCHEMA` = ? AND `TABLE_NAME` = ? [diy address]
[xorm] [info]  2021/01/05 18:28:02.396943 [SQL] SELECT `INDEX_NAME`, `NON_UNIQUE`, `COLUMN_NAME` FROM `INFORMATION_SCHEMA`.`STATISTICS` WHERE `TABLE_SCHEMA` = ? AND `TABLE_NAME` = ? [diy address]
[xorm] [info]  2021/01/05 18:28:02.397943 [SQL] SELECT `id`, `username`, `password`, `last_login`, `current_login` FROM `admin` WHERE `id`=? LIMIT 1 []interface {}{1}
[xorm] [info]  2021/01/05 18:28:02.579953 [SQL] SELECT g.id, g.name, g.price, i.id as color_id, i.front FROM `goods` AS `g` left JOIN goods_img as i ON g.id=i.goods_id GROUP BY g.id ORDER BY g.id desc
[xorm] [info]  2021/01/05 18:28:02.589954 [SQL] SELECT `id`, `goods_id`, `front`, `contrary`, `color` FROM `goods_img` WHERE (goods_id=?) []interface {}{"1"}
[xorm] [info]  2021/01/05 18:34:32.550258 [SQL] SELECT g.id, g.name, g.price, i.id as color_id, i.front FROM `goods` AS `g` left JOIN goods_img as i ON g.id=i.goods_id GROUP BY g.id ORDER BY g.id desc
[xorm] [info]  2021/01/05 18:34:32.566259 [SQL] SELECT `id`, `goods_id`, `front`, `contrary`, `color` FROM `goods_img` WHERE (goods_id=?) []interface {}{"1"}
[xorm] [info]  2021/01/05 18:34:44.105919 [SQL] SELECT g.id, g.name, g.price, i.id as color_id, i.front FROM `goods` AS `g` left JOIN goods_img as i ON g.id=i.goods_id GROUP BY g.id ORDER BY g.id desc
[xorm] [info]  2021/01/05 18:34:44.125920 [SQL] SELECT `id`, `goods_id`, `front`, `contrary`, `color` FROM `goods_img` WHERE (goods_id=?) []interface {}{"1"}
[xorm] [info]  2021/01/05 18:35:49.602665 [SQL] SELECT g.id, g.name, g.price, i.id as color_id, i.front FROM `goods` AS `g` left JOIN goods_img as i ON g.id=i.goods_id GROUP BY g.id ORDER BY g.id desc
[xorm] [info]  2021/01/05 18:35:49.619666 [SQL] SELECT `id`, `goods_id`, `front`, `contrary`, `color` FROM `goods_img` WHERE (goods_id=?) []interface {}{"1"}
[xorm] [info]  2021/01/05 18:36:24.991689 [SQL] SELECT g.id, g.name, g.price, i.id as color_id, i.front FROM `goods` AS `g` left JOIN goods_img as i ON g.id=i.goods_id GROUP BY g.id ORDER BY g.id desc
[xorm] [info]  2021/01/05 18:36:25.010690 [SQL] SELECT `id`, `goods_id`, `front`, `contrary`, `color` FROM `goods_img` WHERE (goods_id=?) []interface {}{"1"}
[xorm] [info]  2021/01/05 18:36:44.318795 [SQL] SELECT g.id, g.name, g.price, i.id as color_id, i.front FROM `goods` AS `g` left JOIN goods_img as i ON g.id=i.goods_id GROUP BY g.id ORDER BY g.id desc
[xorm] [info]  2021/01/05 18:36:44.338796 [SQL] SELECT `id`, `goods_id`, `front`, `contrary`, `color` FROM `goods_img` WHERE (goods_id=?) []interface {}{"1"}
